/home/hjawahreh/Desktop/Projects/Trimesh/python-mesh-service/main.py:34: DeprecationWarning: 
        on_event is deprecated, use lifespan event handlers instead.

        Read more about it in the
        [FastAPI docs for Lifespan Events](https://fastapi.tiangolo.com/advanced/events/).
        
  @app.on_event("startup")
INFO:     Started server process [10690]
INFO:     Waiting for application startup.
INFO:__main__:🚀 TriMesh Mesh Repair Service Starting
INFO:__main__:📦 NumPy version: 2.4.0
INFO:__main__:📦 Trimesh version: 4.10.1
INFO:__main__:📦 SciPy version available for advanced matrix operations
INFO:__main__:✓ Service ready with enhanced NumPy matrix operations
INFO:__main__:✓ Volume calculation endpoint available
INFO:     Application startup complete.
INFO:     Uvicorn running on http://0.0.0.0:8001 (Press CTRL+C to quit)
INFO:     127.0.0.1:34272 - "GET /health HTTP/1.1" 200 OK
INFO:     127.0.0.1:46292 - "GET /health HTTP/1.1" 200 OK
INFO:__main__:🔧 Repair + Volume calculation for: Pin_Need_2.stl
INFO:__main__:   File extension: .stl
INFO:__main__:   Loading original mesh...
INFO:__main__:   Original: 805 verts, 1606 faces
INFO:__main__:   Original volume: 0.9916 cm³
INFO:__main__:   Original watertight: True, holes: 0
INFO:__main__:   Hole boundary vertices: 0
INFO:__main__:   Repairing mesh (aggressive=True)...
INFO:__main__:Repairing mesh with 805 vertices using pymeshfix...
INFO:__main__:Original mesh has vertex colors: (805, 4)
INFO:__main__:Preserving vertex colors (same vertex count)
INFO:__main__:✓ Vertex colors preserved in repaired mesh
INFO:__main__:Repair complete: 805 vertices
INFO:__main__:   Quality score: 75.5/100 (watertight:40, aspect:5.5, holes:30)
INFO:__main__:   Repaired: 805 verts, 1606 faces
INFO:__main__:   Repaired volume: 0.9916 cm³
INFO:__main__:   Repaired watertight: True, holes: 0
INFO:__main__:   ✅ Filled 0 holes
INFO:__main__:   New faces added: 0, repair vertices: 0
INFO:__main__:   Saved repaired mesh to: repaired/repaired_Pin_Need_2.stl
INFO:__main__:✅ Complete: 0.9916 cm³, 0 holes filled
INFO:     127.0.0.1:46300 - "POST /repair-and-calculate HTTP/1.1" 200 OK
INFO:__main__:📐 Volume calculation request for: Pin_Need_2.stl
INFO:__main__:   Detected file extension: .stl
INFO:__main__:   Loading mesh from: /tmp/tmp1l9g_ku7.stl
INFO:__main__:   Loaded as single Mesh
INFO:__main__:✅ Volume calculated: 0.9916 cm³ (991.58 mm³)
INFO:__main__:   Mesh: 805 vertices, 1606 faces
INFO:__main__:   Watertight: True, Volume valid: True
INFO:__main__:   File format: .STL
INFO:     127.0.0.1:46300 - "POST /calculate-volume HTTP/1.1" 200 OK
INFO:     127.0.0.1:52198 - "GET /health HTTP/1.1" 200 OK
INFO:__main__:🔧 Repair + Volume calculation for: Pin_Need_2.stl
INFO:__main__:   File extension: .stl
INFO:__main__:   Loading original mesh...
INFO:__main__:   Original: 805 verts, 1606 faces
INFO:__main__:   Original volume: 0.9916 cm³
INFO:__main__:   Original watertight: True, holes: 0
INFO:__main__:   Hole boundary vertices: 0
INFO:__main__:   Repairing mesh (aggressive=True)...
INFO:__main__:Repairing mesh with 805 vertices using pymeshfix...
INFO:__main__:Original mesh has vertex colors: (805, 4)
INFO:__main__:Preserving vertex colors (same vertex count)
INFO:__main__:✓ Vertex colors preserved in repaired mesh
INFO:__main__:Repair complete: 805 vertices
INFO:__main__:   Quality score: 75.5/100 (watertight:40, aspect:5.5, holes:30)
INFO:__main__:   Repaired: 805 verts, 1606 faces
INFO:__main__:   Repaired volume: 0.9916 cm³
INFO:__main__:   Repaired watertight: True, holes: 0
INFO:__main__:   ✅ Filled 0 holes
INFO:__main__:   New faces added: 0, repair vertices: 0
INFO:__main__:   Saved repaired mesh to: repaired/repaired_Pin_Need_2.stl
INFO:__main__:✅ Complete: 0.9916 cm³, 0 holes filled
INFO:     127.0.0.1:52210 - "POST /repair-and-calculate HTTP/1.1" 200 OK
INFO:__main__:🔧 Repair + Volume calculation for: JML_Toung.stl
INFO:__main__:   File extension: .stl
INFO:__main__:   Loading original mesh...
INFO:__main__:   Original: 34454 verts, 68904 faces
INFO:__main__:   Original volume: 27.4083 cm³
INFO:__main__:   Original watertight: True, holes: 0
INFO:__main__:   Hole boundary vertices: 0
INFO:__main__:   Repairing mesh (aggressive=True)...
INFO:__main__:Repairing mesh with 34454 vertices using pymeshfix...
INFO:__main__:Original mesh has vertex colors: (34454, 4)
INFO:__main__:Interpolated colors for 34187 vertices
INFO:__main__:✓ Vertex colors preserved in repaired mesh
INFO:__main__:Repair complete: 34187 vertices
INFO:__main__:   Quality score: 84.0/100 (watertight:40, aspect:14.0, holes:30)
INFO:__main__:   Repaired: 34187 verts, 68370 faces
INFO:__main__:   Repaired volume: 27.2255 cm³
INFO:__main__:   Repaired watertight: True, holes: 0
INFO:__main__:   ✅ Filled 0 holes
INFO:__main__:   New faces added: -534, repair vertices: 0
INFO:__main__:   Saved repaired mesh to: repaired/repaired_JML_Toung.stl
INFO:__main__:✅ Complete: 27.2255 cm³, 0 holes filled
INFO:     127.0.0.1:52210 - "POST /repair-and-calculate HTTP/1.1" 200 OK
INFO:__main__:📐 Volume calculation request for: Pin_Need_2.stl
INFO:__main__:   Detected file extension: .stl
INFO:__main__:   Loading mesh from: /tmp/tmpe5zeo81i.stl
INFO:__main__:   Loaded as single Mesh
INFO:__main__:✅ Volume calculated: 0.9916 cm³ (991.58 mm³)
INFO:__main__:   Mesh: 805 vertices, 1606 faces
INFO:__main__:   Watertight: True, Volume valid: True
INFO:__main__:   File format: .STL
INFO:     127.0.0.1:52210 - "POST /calculate-volume HTTP/1.1" 200 OK
INFO:__main__:📐 Volume calculation request for: JML_Toung.stl
INFO:__main__:   Detected file extension: .stl
INFO:__main__:   Loading mesh from: /tmp/tmpj3swddm5.stl
INFO:__main__:   Loaded as single Mesh
INFO:__main__:✅ Volume calculated: 27.4083 cm³ (27408.34 mm³)
INFO:__main__:   Mesh: 34454 vertices, 68904 faces
INFO:__main__:   Watertight: True, Volume valid: True
INFO:__main__:   File format: .STL
INFO:     127.0.0.1:52210 - "POST /calculate-volume HTTP/1.1" 200 OK
INFO:     127.0.0.1:57902 - "GET /health HTTP/1.1" 200 OK
INFO:__main__:🔧 Repair + Volume calculation for: Pin_Need_2.stl
INFO:__main__:   File extension: .stl
INFO:__main__:   Loading original mesh...
INFO:__main__:   Original: 805 verts, 1606 faces
INFO:__main__:   Original volume: 0.9916 cm³
INFO:__main__:   Original watertight: True, holes: 0
INFO:__main__:   Hole boundary vertices: 0
INFO:__main__:   Repairing mesh (aggressive=True)...
INFO:__main__:Repairing mesh with 805 vertices using pymeshfix...
INFO:__main__:Original mesh has vertex colors: (805, 4)
INFO:__main__:Preserving vertex colors (same vertex count)
INFO:__main__:✓ Vertex colors preserved in repaired mesh
INFO:__main__:Repair complete: 805 vertices
INFO:__main__:   Quality score: 75.5/100 (watertight:40, aspect:5.5, holes:30)
INFO:__main__:   Repaired: 805 verts, 1606 faces
INFO:__main__:   Repaired volume: 0.9916 cm³
INFO:__main__:   Repaired watertight: True, holes: 0
INFO:__main__:   ✅ Filled 0 holes
INFO:__main__:   New faces added: 0, repair vertices: 0
INFO:__main__:   Saved repaired mesh to: repaired/repaired_Pin_Need_2.stl
INFO:__main__:✅ Complete: 0.9916 cm³, 0 holes filled
INFO:     127.0.0.1:57914 - "POST /repair-and-calculate HTTP/1.1" 200 OK
INFO:__main__:🔧 Repair + Volume calculation for: JML_Toung.stl
INFO:__main__:   File extension: .stl
INFO:__main__:   Loading original mesh...
INFO:__main__:   Original: 34454 verts, 68904 faces
INFO:__main__:   Original volume: 27.4083 cm³
INFO:__main__:   Original watertight: True, holes: 0
INFO:__main__:   Hole boundary vertices: 0
INFO:__main__:   Repairing mesh (aggressive=True)...
INFO:__main__:Repairing mesh with 34454 vertices using pymeshfix...
INFO:__main__:Original mesh has vertex colors: (34454, 4)
INFO:__main__:Interpolated colors for 34187 vertices
INFO:__main__:✓ Vertex colors preserved in repaired mesh
INFO:__main__:Repair complete: 34187 vertices
INFO:__main__:   Quality score: 84.0/100 (watertight:40, aspect:14.0, holes:30)
INFO:__main__:   Repaired: 34187 verts, 68370 faces
INFO:__main__:   Repaired volume: 27.2255 cm³
INFO:__main__:   Repaired watertight: True, holes: 0
INFO:__main__:   ✅ Filled 0 holes
INFO:__main__:   New faces added: -534, repair vertices: 0
INFO:__main__:   Saved repaired mesh to: repaired/repaired_JML_Toung.stl
INFO:__main__:✅ Complete: 27.2255 cm³, 0 holes filled
INFO:     127.0.0.1:57914 - "POST /repair-and-calculate HTTP/1.1" 200 OK
INFO:__main__:📐 Volume calculation request for: Pin_Need_2.stl
INFO:__main__:   Detected file extension: .stl
INFO:__main__:   Loading mesh from: /tmp/tmp_grovmki.stl
INFO:__main__:   Loaded as single Mesh
INFO:__main__:✅ Volume calculated: 0.9916 cm³ (991.58 mm³)
INFO:__main__:   Mesh: 805 vertices, 1606 faces
INFO:__main__:   Watertight: True, Volume valid: True
INFO:__main__:   File format: .STL
INFO:     127.0.0.1:57914 - "POST /calculate-volume HTTP/1.1" 200 OK
INFO:__main__:📐 Volume calculation request for: JML_Toung.stl
INFO:__main__:   Detected file extension: .stl
INFO:__main__:   Loading mesh from: /tmp/tmp_hgi3t6d.stl
INFO:__main__:   Loaded as single Mesh
INFO:__main__:✅ Volume calculated: 27.4083 cm³ (27408.34 mm³)
INFO:__main__:   Mesh: 34454 vertices, 68904 faces
INFO:__main__:   Watertight: True, Volume valid: True
INFO:__main__:   File format: .STL
INFO:     127.0.0.1:57914 - "POST /calculate-volume HTTP/1.1" 200 OK
INFO:     127.0.0.1:45044 - "GET /health HTTP/1.1" 200 OK
INFO:__main__:🔧 Repair + Volume calculation for: Pin_Need_2.stl
INFO:__main__:   File extension: .stl
INFO:__main__:   Loading original mesh...
INFO:__main__:   Original: 805 verts, 1606 faces
INFO:__main__:   Original volume: 0.9916 cm³
INFO:__main__:   Original watertight: True, holes: 0
INFO:__main__:   Hole boundary vertices: 0
INFO:__main__:   Repairing mesh (aggressive=True)...
INFO:__main__:Repairing mesh with 805 vertices using pymeshfix...
INFO:__main__:Original mesh has vertex colors: (805, 4)
INFO:__main__:Preserving vertex colors (same vertex count)
INFO:__main__:✓ Vertex colors preserved in repaired mesh
INFO:__main__:Repair complete: 805 vertices
INFO:__main__:   Quality score: 75.5/100 (watertight:40, aspect:5.5, holes:30)
INFO:__main__:   Repaired: 805 verts, 1606 faces
INFO:__main__:   Repaired volume: 0.9916 cm³
INFO:__main__:   Repaired watertight: True, holes: 0
INFO:__main__:   ✅ Filled 0 holes
INFO:__main__:   New faces added: 0, repair vertices: 0
INFO:__main__:   Saved repaired mesh to: repaired/repaired_Pin_Need_2.stl
INFO:__main__:✅ Complete: 0.9916 cm³, 0 holes filled
INFO:     127.0.0.1:45050 - "POST /repair-and-calculate HTTP/1.1" 200 OK
INFO:__main__:🔧 Repair + Volume calculation for: JML_Toung.stl
INFO:__main__:   File extension: .stl
INFO:__main__:   Loading original mesh...
INFO:__main__:   Original: 34454 verts, 68904 faces
INFO:__main__:   Original volume: 27.4083 cm³
INFO:__main__:   Original watertight: True, holes: 0
INFO:__main__:   Hole boundary vertices: 0
INFO:__main__:   Repairing mesh (aggressive=True)...
INFO:__main__:Repairing mesh with 34454 vertices using pymeshfix...
INFO:__main__:Original mesh has vertex colors: (34454, 4)
INFO:__main__:Interpolated colors for 34187 vertices
INFO:__main__:✓ Vertex colors preserved in repaired mesh
INFO:__main__:Repair complete: 34187 vertices
INFO:__main__:   Quality score: 84.0/100 (watertight:40, aspect:14.0, holes:30)
INFO:__main__:   Repaired: 34187 verts, 68370 faces
INFO:__main__:   Repaired volume: 27.2255 cm³
INFO:__main__:   Repaired watertight: True, holes: 0
INFO:__main__:   ✅ Filled 0 holes
INFO:__main__:   New faces added: -534, repair vertices: 0
INFO:__main__:   Saved repaired mesh to: repaired/repaired_JML_Toung.stl
INFO:__main__:✅ Complete: 27.2255 cm³, 0 holes filled
INFO:     127.0.0.1:45050 - "POST /repair-and-calculate HTTP/1.1" 200 OK
INFO:__main__:📐 Volume calculation request for: Pin_Need_2.stl
INFO:__main__:   Detected file extension: .stl
INFO:__main__:   Loading mesh from: /tmp/tmpeanqys6e.stl
INFO:__main__:   Loaded as single Mesh
INFO:__main__:✅ Volume calculated: 0.9916 cm³ (991.58 mm³)
INFO:__main__:   Mesh: 805 vertices, 1606 faces
INFO:__main__:   Watertight: True, Volume valid: True
INFO:__main__:   File format: .STL
INFO:     127.0.0.1:45050 - "POST /calculate-volume HTTP/1.1" 200 OK
INFO:__main__:📐 Volume calculation request for: JML_Toung.stl
INFO:__main__:   Detected file extension: .stl
INFO:__main__:   Loading mesh from: /tmp/tmpr0scj1tg.stl
INFO:__main__:   Loaded as single Mesh
INFO:__main__:✅ Volume calculated: 27.4083 cm³ (27408.34 mm³)
INFO:__main__:   Mesh: 34454 vertices, 68904 faces
INFO:__main__:   Watertight: True, Volume valid: True
INFO:__main__:   File format: .STL
INFO:     127.0.0.1:45050 - "POST /calculate-volume HTTP/1.1" 200 OK
INFO:     127.0.0.1:45778 - "GET /health HTTP/1.1" 200 OK
INFO:__main__:🔧 Repair + Volume calculation for: Pin_Need_2.stl
INFO:__main__:   File extension: .stl
INFO:__main__:   Loading original mesh...
INFO:__main__:   Original: 805 verts, 1606 faces
INFO:__main__:   Original volume: 0.9916 cm³
INFO:__main__:   Original watertight: True, holes: 0
INFO:__main__:   Hole boundary vertices: 0
INFO:__main__:   Repairing mesh (aggressive=True)...
INFO:__main__:Repairing mesh with 805 vertices using pymeshfix...
INFO:__main__:Original mesh has vertex colors: (805, 4)
INFO:__main__:Preserving vertex colors (same vertex count)
INFO:__main__:✓ Vertex colors preserved in repaired mesh
INFO:__main__:Repair complete: 805 vertices
INFO:__main__:   Quality score: 75.5/100 (watertight:40, aspect:5.5, holes:30)
INFO:__main__:   Repaired: 805 verts, 1606 faces
INFO:__main__:   Repaired volume: 0.9916 cm³
INFO:__main__:   Repaired watertight: True, holes: 0
INFO:__main__:   ✅ Filled 0 holes
INFO:__main__:   New faces added: 0, repair vertices: 0
INFO:__main__:   Saved repaired mesh to: repaired/repaired_Pin_Need_2.stl
INFO:__main__:✅ Complete: 0.9916 cm³, 0 holes filled
INFO:     127.0.0.1:45786 - "POST /repair-and-calculate HTTP/1.1" 200 OK
INFO:__main__:🔧 Repair + Volume calculation for: JML_Toung.stl
INFO:__main__:   File extension: .stl
INFO:__main__:   Loading original mesh...
INFO:__main__:   Original: 34454 verts, 68904 faces
INFO:__main__:   Original volume: 27.4083 cm³
INFO:__main__:   Original watertight: True, holes: 0
INFO:__main__:   Hole boundary vertices: 0
INFO:__main__:   Repairing mesh (aggressive=True)...
INFO:__main__:Repairing mesh with 34454 vertices using pymeshfix...
INFO:__main__:Original mesh has vertex colors: (34454, 4)
INFO:__main__:Interpolated colors for 34187 vertices
INFO:__main__:✓ Vertex colors preserved in repaired mesh
INFO:__main__:Repair complete: 34187 vertices
INFO:__main__:   Quality score: 84.0/100 (watertight:40, aspect:14.0, holes:30)
INFO:__main__:   Repaired: 34187 verts, 68370 faces
INFO:__main__:   Repaired volume: 27.2255 cm³
INFO:__main__:   Repaired watertight: True, holes: 0
INFO:__main__:   ✅ Filled 0 holes
INFO:__main__:   New faces added: -534, repair vertices: 0
INFO:__main__:   Saved repaired mesh to: repaired/repaired_JML_Toung.stl
INFO:__main__:✅ Complete: 27.2255 cm³, 0 holes filled
INFO:     127.0.0.1:45786 - "POST /repair-and-calculate HTTP/1.1" 200 OK
INFO:__main__:📐 Volume calculation request for: Pin_Need_2.stl
INFO:__main__:   Detected file extension: .stl
INFO:__main__:   Loading mesh from: /tmp/tmp7wguyrno.stl
INFO:__main__:   Loaded as single Mesh
INFO:__main__:✅ Volume calculated: 0.9916 cm³ (991.58 mm³)
INFO:__main__:   Mesh: 805 vertices, 1606 faces
INFO:__main__:   Watertight: True, Volume valid: True
INFO:__main__:   File format: .STL
INFO:     127.0.0.1:45786 - "POST /calculate-volume HTTP/1.1" 200 OK
INFO:__main__:📐 Volume calculation request for: JML_Toung.stl
INFO:__main__:   Detected file extension: .stl
INFO:__main__:   Loading mesh from: /tmp/tmpu0ywm2wi.stl
INFO:__main__:   Loaded as single Mesh
INFO:__main__:✅ Volume calculated: 27.4083 cm³ (27408.34 mm³)
INFO:__main__:   Mesh: 34454 vertices, 68904 faces
INFO:__main__:   Watertight: True, Volume valid: True
INFO:__main__:   File format: .STL
INFO:     127.0.0.1:45786 - "POST /calculate-volume HTTP/1.1" 200 OK
INFO:     127.0.0.1:38922 - "GET /health HTTP/1.1" 200 OK
INFO:__main__:🔧 Repair + Volume calculation for: Pin_Need_2.stl
INFO:__main__:   File extension: .stl
INFO:__main__:   Loading original mesh...
INFO:__main__:   Original: 805 verts, 1606 faces
INFO:__main__:   Original volume: 0.9916 cm³
INFO:__main__:   Original watertight: True, holes: 0
INFO:__main__:   Hole boundary vertices: 0
INFO:__main__:   Repairing mesh (aggressive=True)...
INFO:__main__:Repairing mesh with 805 vertices using pymeshfix...
INFO:__main__:Original mesh has vertex colors: (805, 4)
INFO:__main__:Preserving vertex colors (same vertex count)
INFO:__main__:✓ Vertex colors preserved in repaired mesh
INFO:__main__:Repair complete: 805 vertices
INFO:__main__:   Quality score: 75.5/100 (watertight:40, aspect:5.5, holes:30)
INFO:__main__:   Repaired: 805 verts, 1606 faces
INFO:__main__:   Repaired volume: 0.9916 cm³
INFO:__main__:   Repaired watertight: True, holes: 0
INFO:__main__:   ✅ Filled 0 holes
INFO:__main__:   New faces added: 0, repair vertices: 0
INFO:__main__:   Saved repaired mesh to: repaired/repaired_Pin_Need_2.stl
INFO:__main__:✅ Complete: 0.9916 cm³, 0 holes filled
INFO:     127.0.0.1:38928 - "POST /repair-and-calculate HTTP/1.1" 200 OK
INFO:__main__:🔧 Repair + Volume calculation for: JML_Toung.stl
INFO:__main__:   File extension: .stl
INFO:__main__:   Loading original mesh...
INFO:__main__:   Original: 34454 verts, 68904 faces
INFO:__main__:   Original volume: 27.4083 cm³
INFO:__main__:   Original watertight: True, holes: 0
INFO:__main__:   Hole boundary vertices: 0
INFO:__main__:   Repairing mesh (aggressive=True)...
INFO:__main__:Repairing mesh with 34454 vertices using pymeshfix...
INFO:__main__:Original mesh has vertex colors: (34454, 4)
INFO:__main__:Interpolated colors for 34187 vertices
INFO:__main__:✓ Vertex colors preserved in repaired mesh
INFO:__main__:Repair complete: 34187 vertices
INFO:__main__:   Quality score: 84.0/100 (watertight:40, aspect:14.0, holes:30)
INFO:__main__:   Repaired: 34187 verts, 68370 faces
INFO:__main__:   Repaired volume: 27.2255 cm³
INFO:__main__:   Repaired watertight: True, holes: 0
INFO:__main__:   ✅ Filled 0 holes
INFO:__main__:   New faces added: -534, repair vertices: 0
INFO:__main__:   Saved repaired mesh to: repaired/repaired_JML_Toung.stl
INFO:__main__:✅ Complete: 27.2255 cm³, 0 holes filled
INFO:     127.0.0.1:38928 - "POST /repair-and-calculate HTTP/1.1" 200 OK
INFO:__main__:📐 Volume calculation request for: Pin_Need_2.stl
INFO:__main__:   Detected file extension: .stl
INFO:__main__:   Loading mesh from: /tmp/tmpo9jsplpx.stl
INFO:__main__:   Loaded as single Mesh
INFO:__main__:✅ Volume calculated: 0.9916 cm³ (991.58 mm³)
INFO:__main__:   Mesh: 805 vertices, 1606 faces
INFO:__main__:   Watertight: True, Volume valid: True
INFO:__main__:   File format: .STL
INFO:     127.0.0.1:38928 - "POST /calculate-volume HTTP/1.1" 200 OK
INFO:__main__:📐 Volume calculation request for: JML_Toung.stl
INFO:__main__:   Detected file extension: .stl
INFO:__main__:   Loading mesh from: /tmp/tmpb7wqeqdp.stl
INFO:__main__:   Loaded as single Mesh
INFO:__main__:✅ Volume calculated: 27.4083 cm³ (27408.34 mm³)
INFO:__main__:   Mesh: 34454 vertices, 68904 faces
INFO:__main__:   Watertight: True, Volume valid: True
INFO:__main__:   File format: .STL
INFO:     127.0.0.1:38928 - "POST /calculate-volume HTTP/1.1" 200 OK
INFO:     127.0.0.1:51706 - "GET /health HTTP/1.1" 200 OK
INFO:__main__:🔧 Repair + Volume calculation for: Pin_Need_2.stl
INFO:__main__:   File extension: .stl
INFO:__main__:   Loading original mesh...
INFO:__main__:   Original: 805 verts, 1606 faces
INFO:__main__:   Original volume: 0.9916 cm³
INFO:__main__:   Original watertight: True, holes: 0
INFO:__main__:   Hole boundary vertices: 0
INFO:__main__:   Repairing mesh (aggressive=True)...
INFO:__main__:Repairing mesh with 805 vertices using pymeshfix...
INFO:__main__:Original mesh has vertex colors: (805, 4)
INFO:__main__:Preserving vertex colors (same vertex count)
INFO:__main__:✓ Vertex colors preserved in repaired mesh
INFO:__main__:Repair complete: 805 vertices
INFO:__main__:   Quality score: 75.5/100 (watertight:40, aspect:5.5, holes:30)
INFO:__main__:   Repaired: 805 verts, 1606 faces
INFO:__main__:   Repaired volume: 0.9916 cm³
INFO:__main__:   Repaired watertight: True, holes: 0
INFO:__main__:   ✅ Filled 0 holes
INFO:__main__:   New faces added: 0, repair vertices: 0
INFO:__main__:   Saved repaired mesh to: repaired/repaired_Pin_Need_2.stl
INFO:__main__:✅ Complete: 0.9916 cm³, 0 holes filled
INFO:     127.0.0.1:51722 - "POST /repair-and-calculate HTTP/1.1" 200 OK
INFO:__main__:🔧 Repair + Volume calculation for: JML_Toung.stl
INFO:__main__:   File extension: .stl
INFO:__main__:   Loading original mesh...
INFO:__main__:   Original: 34454 verts, 68904 faces
INFO:__main__:   Original volume: 27.4083 cm³
INFO:__main__:   Original watertight: True, holes: 0
INFO:__main__:   Hole boundary vertices: 0
INFO:__main__:   Repairing mesh (aggressive=True)...
INFO:__main__:Repairing mesh with 34454 vertices using pymeshfix...
INFO:__main__:Original mesh has vertex colors: (34454, 4)
INFO:__main__:Interpolated colors for 34187 vertices
INFO:__main__:✓ Vertex colors preserved in repaired mesh
INFO:__main__:Repair complete: 34187 vertices
INFO:__main__:   Quality score: 84.0/100 (watertight:40, aspect:14.0, holes:30)
INFO:__main__:   Repaired: 34187 verts, 68370 faces
INFO:__main__:   Repaired volume: 27.2255 cm³
INFO:__main__:   Repaired watertight: True, holes: 0
INFO:__main__:   ✅ Filled 0 holes
INFO:__main__:   New faces added: -534, repair vertices: 0
INFO:__main__:   Saved repaired mesh to: repaired/repaired_JML_Toung.stl
INFO:__main__:✅ Complete: 27.2255 cm³, 0 holes filled
INFO:     127.0.0.1:51722 - "POST /repair-and-calculate HTTP/1.1" 200 OK
INFO:__main__:📐 Volume calculation request for: Pin_Need_2.stl
INFO:__main__:   Detected file extension: .stl
INFO:__main__:   Loading mesh from: /tmp/tmp3zw8kz4n.stl
INFO:__main__:   Loaded as single Mesh
INFO:__main__:✅ Volume calculated: 0.9916 cm³ (991.58 mm³)
INFO:__main__:   Mesh: 805 vertices, 1606 faces
INFO:__main__:   Watertight: True, Volume valid: True
INFO:__main__:   File format: .STL
INFO:     127.0.0.1:51722 - "POST /calculate-volume HTTP/1.1" 200 OK
INFO:__main__:📐 Volume calculation request for: JML_Toung.stl
INFO:__main__:   Detected file extension: .stl
INFO:__main__:   Loading mesh from: /tmp/tmp2ecyjk2x.stl
INFO:__main__:   Loaded as single Mesh
INFO:__main__:✅ Volume calculated: 27.4083 cm³ (27408.34 mm³)
INFO:__main__:   Mesh: 34454 vertices, 68904 faces
INFO:__main__:   Watertight: True, Volume valid: True
INFO:__main__:   File format: .STL
INFO:     127.0.0.1:51722 - "POST /calculate-volume HTTP/1.1" 200 OK
INFO:     127.0.0.1:60518 - "GET /health HTTP/1.1" 200 OK
INFO:__main__:🔧 Repair + Volume calculation for: Pin_Need_2.stl
INFO:__main__:   File extension: .stl
INFO:__main__:   Loading original mesh...
INFO:__main__:   Original: 805 verts, 1606 faces
INFO:__main__:   Original volume: 0.9916 cm³
INFO:__main__:   Original watertight: True, holes: 0
INFO:__main__:   Hole boundary vertices: 0
INFO:__main__:   Repairing mesh (aggressive=True)...
INFO:__main__:Repairing mesh with 805 vertices using pymeshfix...
INFO:__main__:Original mesh has vertex colors: (805, 4)
INFO:__main__:Preserving vertex colors (same vertex count)
INFO:__main__:✓ Vertex colors preserved in repaired mesh
INFO:__main__:Repair complete: 805 vertices
INFO:__main__:   Quality score: 75.5/100 (watertight:40, aspect:5.5, holes:30)
INFO:__main__:   Repaired: 805 verts, 1606 faces
INFO:__main__:   Repaired volume: 0.9916 cm³
INFO:__main__:   Repaired watertight: True, holes: 0
INFO:__main__:   ✅ Filled 0 holes
INFO:__main__:   New faces added: 0, repair vertices: 0
INFO:__main__:   Saved repaired mesh to: repaired/repaired_Pin_Need_2.stl
INFO:__main__:✅ Complete: 0.9916 cm³, 0 holes filled
INFO:     127.0.0.1:60530 - "POST /repair-and-calculate HTTP/1.1" 200 OK
INFO:__main__:🔧 Repair + Volume calculation for: JML_Toung.stl
INFO:__main__:   File extension: .stl
INFO:__main__:   Loading original mesh...
INFO:__main__:   Original: 34454 verts, 68904 faces
INFO:__main__:   Original volume: 27.4083 cm³
INFO:__main__:   Original watertight: True, holes: 0
INFO:__main__:   Hole boundary vertices: 0
INFO:__main__:   Repairing mesh (aggressive=True)...
INFO:__main__:Repairing mesh with 34454 vertices using pymeshfix...
INFO:__main__:Original mesh has vertex colors: (34454, 4)
INFO:__main__:Interpolated colors for 34187 vertices
INFO:__main__:✓ Vertex colors preserved in repaired mesh
INFO:__main__:Repair complete: 34187 vertices
INFO:__main__:   Quality score: 84.0/100 (watertight:40, aspect:14.0, holes:30)
INFO:__main__:   Repaired: 34187 verts, 68370 faces
INFO:__main__:   Repaired volume: 27.2255 cm³
INFO:__main__:   Repaired watertight: True, holes: 0
INFO:__main__:   ✅ Filled 0 holes
INFO:__main__:   New faces added: -534, repair vertices: 0
INFO:__main__:   Saved repaired mesh to: repaired/repaired_JML_Toung.stl
INFO:__main__:✅ Complete: 27.2255 cm³, 0 holes filled
INFO:     127.0.0.1:60530 - "POST /repair-and-calculate HTTP/1.1" 200 OK
INFO:__main__:📐 Volume calculation request for: Pin_Need_2.stl
INFO:__main__:   Detected file extension: .stl
INFO:__main__:   Loading mesh from: /tmp/tmplqrmsph4.stl
INFO:__main__:   Loaded as single Mesh
INFO:__main__:✅ Volume calculated: 0.9916 cm³ (991.58 mm³)
INFO:__main__:   Mesh: 805 vertices, 1606 faces
INFO:__main__:   Watertight: True, Volume valid: True
INFO:__main__:   File format: .STL
INFO:     127.0.0.1:60530 - "POST /calculate-volume HTTP/1.1" 200 OK
INFO:__main__:📐 Volume calculation request for: JML_Toung.stl
INFO:__main__:   Detected file extension: .stl
INFO:__main__:   Loading mesh from: /tmp/tmpgvghf0lb.stl
INFO:__main__:   Loaded as single Mesh
INFO:__main__:✅ Volume calculated: 27.4083 cm³ (27408.34 mm³)
INFO:__main__:   Mesh: 34454 vertices, 68904 faces
INFO:__main__:   Watertight: True, Volume valid: True
INFO:__main__:   File format: .STL
INFO:     127.0.0.1:60530 - "POST /calculate-volume HTTP/1.1" 200 OK
INFO:     127.0.0.1:35766 - "GET /health HTTP/1.1" 200 OK
INFO:__main__:🔧 Repair + Volume calculation for: Pin_Need_2.stl
INFO:__main__:   File extension: .stl
INFO:__main__:   Loading original mesh...
INFO:__main__:   Original: 805 verts, 1606 faces
INFO:__main__:   Original volume: 0.9916 cm³
INFO:__main__:   Original watertight: True, holes: 0
INFO:__main__:   Hole boundary vertices: 0
INFO:__main__:   Repairing mesh (aggressive=True)...
INFO:__main__:Repairing mesh with 805 vertices using pymeshfix...
INFO:__main__:Original mesh has vertex colors: (805, 4)
INFO:__main__:Preserving vertex colors (same vertex count)
INFO:__main__:✓ Vertex colors preserved in repaired mesh
INFO:__main__:Repair complete: 805 vertices
INFO:__main__:   Quality score: 75.5/100 (watertight:40, aspect:5.5, holes:30)
INFO:__main__:   Repaired: 805 verts, 1606 faces
INFO:__main__:   Repaired volume: 0.9916 cm³
INFO:__main__:   Repaired watertight: True, holes: 0
INFO:__main__:   ✅ Filled 0 holes
INFO:__main__:   New faces added: 0, repair vertices: 0
INFO:__main__:   Saved repaired mesh to: repaired/repaired_Pin_Need_2.stl
INFO:__main__:✅ Complete: 0.9916 cm³, 0 holes filled
INFO:     127.0.0.1:35770 - "POST /repair-and-calculate HTTP/1.1" 200 OK
INFO:__main__:🔧 Repair + Volume calculation for: JML_Toung.stl
INFO:__main__:   File extension: .stl
INFO:__main__:   Loading original mesh...
INFO:__main__:   Original: 34454 verts, 68904 faces
INFO:__main__:   Original volume: 27.4083 cm³
INFO:__main__:   Original watertight: True, holes: 0
INFO:__main__:   Hole boundary vertices: 0
INFO:__main__:   Repairing mesh (aggressive=True)...
INFO:__main__:Repairing mesh with 34454 vertices using pymeshfix...
INFO:__main__:Original mesh has vertex colors: (34454, 4)
INFO:__main__:Interpolated colors for 34187 vertices
INFO:__main__:✓ Vertex colors preserved in repaired mesh
INFO:__main__:Repair complete: 34187 vertices
INFO:__main__:   Quality score: 84.0/100 (watertight:40, aspect:14.0, holes:30)
INFO:__main__:   Repaired: 34187 verts, 68370 faces
INFO:__main__:   Repaired volume: 27.2255 cm³
INFO:__main__:   Repaired watertight: True, holes: 0
INFO:__main__:   ✅ Filled 0 holes
INFO:__main__:   New faces added: -534, repair vertices: 0
INFO:__main__:   Saved repaired mesh to: repaired/repaired_JML_Toung.stl
INFO:__main__:✅ Complete: 27.2255 cm³, 0 holes filled
INFO:     127.0.0.1:35770 - "POST /repair-and-calculate HTTP/1.1" 200 OK
INFO:__main__:🔧 Repair + Volume calculation for: loose_fit_Teeth.stl
INFO:__main__:   File extension: .stl
INFO:__main__:   Loading original mesh...
INFO:__main__:   Original: 18521 verts, 37038 faces
INFO:__main__:   Original volume: 1.6562 cm³
INFO:__main__:   Original watertight: True, holes: 0
INFO:__main__:   Hole boundary vertices: 0
INFO:__main__:   Repairing mesh (aggressive=True)...
INFO:__main__:Repairing mesh with 18521 vertices using pymeshfix...
INFO:__main__:Original mesh has vertex colors: (18521, 4)
INFO:__main__:Preserving vertex colors (same vertex count)
INFO:__main__:✓ Vertex colors preserved in repaired mesh
INFO:__main__:Repair complete: 18521 vertices
INFO:__main__:   Quality score: 84.4/100 (watertight:40, aspect:14.4, holes:30)
INFO:__main__:   Repaired: 18521 verts, 37038 faces
INFO:__main__:   Repaired volume: 1.6562 cm³
INFO:__main__:   Repaired watertight: True, holes: 0
INFO:__main__:   ✅ Filled 0 holes
INFO:__main__:   New faces added: 0, repair vertices: 0
INFO:__main__:   Saved repaired mesh to: repaired/repaired_loose_fit_Teeth.stl
INFO:__main__:✅ Complete: 1.6562 cm³, 0 holes filled
INFO:     127.0.0.1:35770 - "POST /repair-and-calculate HTTP/1.1" 200 OK
INFO:__main__:📐 Volume calculation request for: Pin_Need_2.stl
INFO:__main__:   Detected file extension: .stl
INFO:__main__:   Loading mesh from: /tmp/tmpi_8tca5o.stl
INFO:__main__:   Loaded as single Mesh
INFO:__main__:✅ Volume calculated: 0.9916 cm³ (991.58 mm³)
INFO:__main__:   Mesh: 805 vertices, 1606 faces
INFO:__main__:   Watertight: True, Volume valid: True
INFO:__main__:   File format: .STL
INFO:     127.0.0.1:35770 - "POST /calculate-volume HTTP/1.1" 200 OK
INFO:__main__:📐 Volume calculation request for: JML_Toung.stl
INFO:__main__:   Detected file extension: .stl
INFO:__main__:   Loading mesh from: /tmp/tmpod2ojefk.stl
INFO:__main__:   Loaded as single Mesh
INFO:__main__:✅ Volume calculated: 27.4083 cm³ (27408.34 mm³)
INFO:__main__:   Mesh: 34454 vertices, 68904 faces
INFO:__main__:   Watertight: True, Volume valid: True
INFO:__main__:   File format: .STL
INFO:     127.0.0.1:35770 - "POST /calculate-volume HTTP/1.1" 200 OK
INFO:__main__:📐 Volume calculation request for: loose_fit_Teeth.stl
INFO:__main__:   Detected file extension: .stl
INFO:__main__:   Loading mesh from: /tmp/tmp5cy6qwdm.stl
INFO:__main__:   Loaded as single Mesh
INFO:__main__:✅ Volume calculated: 1.6562 cm³ (1656.23 mm³)
INFO:__main__:   Mesh: 18521 vertices, 37038 faces
INFO:__main__:   Watertight: True, Volume valid: True
INFO:__main__:   File format: .STL
INFO:     127.0.0.1:35770 - "POST /calculate-volume HTTP/1.1" 200 OK
INFO:     127.0.0.1:46552 - "GET /health HTTP/1.1" 200 OK
INFO:__main__:🔧 Repair + Volume calculation for: Pin_Need_2.stl
INFO:__main__:   File extension: .stl
INFO:__main__:   Loading original mesh...
INFO:__main__:   Original: 805 verts, 1606 faces
INFO:__main__:   Original volume: 0.9916 cm³
INFO:__main__:   Original watertight: True, holes: 0
INFO:__main__:   Hole boundary vertices: 0
INFO:__main__:   Repairing mesh (aggressive=True)...
INFO:__main__:Repairing mesh with 805 vertices using pymeshfix...
INFO:__main__:Original mesh has vertex colors: (805, 4)
INFO:__main__:Preserving vertex colors (same vertex count)
INFO:__main__:✓ Vertex colors preserved in repaired mesh
INFO:__main__:Repair complete: 805 vertices
INFO:__main__:   Quality score: 75.5/100 (watertight:40, aspect:5.5, holes:30)
INFO:__main__:   Repaired: 805 verts, 1606 faces
INFO:__main__:   Repaired volume: 0.9916 cm³
INFO:__main__:   Repaired watertight: True, holes: 0
INFO:__main__:   ✅ Filled 0 holes
INFO:__main__:   New faces added: 0, repair vertices: 0
INFO:__main__:   Saved repaired mesh to: repaired/repaired_Pin_Need_2.stl
INFO:__main__:✅ Complete: 0.9916 cm³, 0 holes filled
INFO:     127.0.0.1:46556 - "POST /repair-and-calculate HTTP/1.1" 200 OK
INFO:__main__:🔧 Repair + Volume calculation for: JML_Toung.stl
INFO:__main__:   File extension: .stl
INFO:__main__:   Loading original mesh...
INFO:__main__:   Original: 34454 verts, 68904 faces
INFO:__main__:   Original volume: 27.4083 cm³
INFO:__main__:   Original watertight: True, holes: 0
INFO:__main__:   Hole boundary vertices: 0
INFO:__main__:   Repairing mesh (aggressive=True)...
INFO:__main__:Repairing mesh with 34454 vertices using pymeshfix...
INFO:__main__:Original mesh has vertex colors: (34454, 4)
INFO:__main__:Interpolated colors for 34187 vertices
INFO:__main__:✓ Vertex colors preserved in repaired mesh
INFO:__main__:Repair complete: 34187 vertices
INFO:__main__:   Quality score: 84.0/100 (watertight:40, aspect:14.0, holes:30)
INFO:__main__:   Repaired: 34187 verts, 68370 faces
INFO:__main__:   Repaired volume: 27.2255 cm³
INFO:__main__:   Repaired watertight: True, holes: 0
INFO:__main__:   ✅ Filled 0 holes
INFO:__main__:   New faces added: -534, repair vertices: 0
INFO:__main__:   Saved repaired mesh to: repaired/repaired_JML_Toung.stl
INFO:__main__:✅ Complete: 27.2255 cm³, 0 holes filled
INFO:     127.0.0.1:46556 - "POST /repair-and-calculate HTTP/1.1" 200 OK
INFO:__main__:🔧 Repair + Volume calculation for: loose_fit_Teeth.stl
INFO:__main__:   File extension: .stl
INFO:__main__:   Loading original mesh...
INFO:__main__:   Original: 18521 verts, 37038 faces
INFO:__main__:   Original volume: 1.6562 cm³
INFO:__main__:   Original watertight: True, holes: 0
INFO:__main__:   Hole boundary vertices: 0
INFO:__main__:   Repairing mesh (aggressive=True)...
INFO:__main__:Repairing mesh with 18521 vertices using pymeshfix...
INFO:__main__:Original mesh has vertex colors: (18521, 4)
INFO:__main__:Preserving vertex colors (same vertex count)
INFO:__main__:✓ Vertex colors preserved in repaired mesh
INFO:__main__:Repair complete: 18521 vertices
INFO:__main__:   Quality score: 84.4/100 (watertight:40, aspect:14.4, holes:30)
INFO:__main__:   Repaired: 18521 verts, 37038 faces
INFO:__main__:   Repaired volume: 1.6562 cm³
INFO:__main__:   Repaired watertight: True, holes: 0
INFO:__main__:   ✅ Filled 0 holes
INFO:__main__:   New faces added: 0, repair vertices: 0
INFO:__main__:   Saved repaired mesh to: repaired/repaired_loose_fit_Teeth.stl
INFO:__main__:✅ Complete: 1.6562 cm³, 0 holes filled
INFO:     127.0.0.1:46556 - "POST /repair-and-calculate HTTP/1.1" 200 OK
INFO:__main__:📐 Volume calculation request for: Pin_Need_2.stl
INFO:__main__:   Detected file extension: .stl
INFO:__main__:   Loading mesh from: /tmp/tmpf8561hs7.stl
INFO:__main__:   Loaded as single Mesh
INFO:__main__:✅ Volume calculated: 0.9916 cm³ (991.58 mm³)
INFO:__main__:   Mesh: 805 vertices, 1606 faces
INFO:__main__:   Watertight: True, Volume valid: True
INFO:__main__:   File format: .STL
INFO:     127.0.0.1:46556 - "POST /calculate-volume HTTP/1.1" 200 OK
INFO:__main__:📐 Volume calculation request for: JML_Toung.stl
INFO:__main__:   Detected file extension: .stl
INFO:__main__:   Loading mesh from: /tmp/tmpaguhoogu.stl
INFO:__main__:   Loaded as single Mesh
INFO:__main__:✅ Volume calculated: 27.4083 cm³ (27408.34 mm³)
INFO:__main__:   Mesh: 34454 vertices, 68904 faces
INFO:__main__:   Watertight: True, Volume valid: True
INFO:__main__:   File format: .STL
INFO:     127.0.0.1:46556 - "POST /calculate-volume HTTP/1.1" 200 OK
INFO:__main__:📐 Volume calculation request for: loose_fit_Teeth.stl
INFO:__main__:   Detected file extension: .stl
INFO:__main__:   Loading mesh from: /tmp/tmp7ji7e5j9.stl
INFO:__main__:   Loaded as single Mesh
INFO:__main__:✅ Volume calculated: 1.6562 cm³ (1656.23 mm³)
INFO:__main__:   Mesh: 18521 vertices, 37038 faces
INFO:__main__:   Watertight: True, Volume valid: True
INFO:__main__:   File format: .STL
INFO:     127.0.0.1:46556 - "POST /calculate-volume HTTP/1.1" 200 OK
INFO:     127.0.0.1:57638 - "GET /health HTTP/1.1" 200 OK
INFO:__main__:🔧 Repair + Volume calculation for: Pin_Need_2.stl
INFO:__main__:   File extension: .stl
INFO:__main__:   Loading original mesh...
INFO:__main__:   Original: 805 verts, 1606 faces
INFO:__main__:   Original volume: 0.9916 cm³
INFO:__main__:   Original watertight: True, holes: 0
INFO:__main__:   Hole boundary vertices: 0
INFO:__main__:   Repairing mesh (aggressive=True)...
INFO:__main__:Repairing mesh with 805 vertices using pymeshfix...
INFO:__main__:Original mesh has vertex colors: (805, 4)
INFO:__main__:Preserving vertex colors (same vertex count)
INFO:__main__:✓ Vertex colors preserved in repaired mesh
INFO:__main__:Repair complete: 805 vertices
INFO:__main__:   Quality score: 75.5/100 (watertight:40, aspect:5.5, holes:30)
INFO:__main__:   Repaired: 805 verts, 1606 faces
INFO:__main__:   Repaired volume: 0.9916 cm³
INFO:__main__:   Repaired watertight: True, holes: 0
INFO:__main__:   ✅ Filled 0 holes
INFO:__main__:   New faces added: 0, repair vertices: 0
INFO:__main__:   Saved repaired mesh to: repaired/repaired_Pin_Need_2.stl
INFO:__main__:✅ Complete: 0.9916 cm³, 0 holes filled
INFO:     127.0.0.1:57652 - "POST /repair-and-calculate HTTP/1.1" 200 OK
INFO:__main__:🔧 Repair + Volume calculation for: JML_Toung.stl
INFO:__main__:   File extension: .stl
INFO:__main__:   Loading original mesh...
INFO:__main__:   Original: 34454 verts, 68904 faces
INFO:__main__:   Original volume: 27.4083 cm³
INFO:__main__:   Original watertight: True, holes: 0
INFO:__main__:   Hole boundary vertices: 0
INFO:__main__:   Repairing mesh (aggressive=True)...
INFO:__main__:Repairing mesh with 34454 vertices using pymeshfix...
INFO:__main__:Original mesh has vertex colors: (34454, 4)
INFO:__main__:Interpolated colors for 34187 vertices
INFO:__main__:✓ Vertex colors preserved in repaired mesh
INFO:__main__:Repair complete: 34187 vertices
INFO:__main__:   Quality score: 84.0/100 (watertight:40, aspect:14.0, holes:30)
INFO:__main__:   Repaired: 34187 verts, 68370 faces
INFO:__main__:   Repaired volume: 27.2255 cm³
INFO:__main__:   Repaired watertight: True, holes: 0
INFO:__main__:   ✅ Filled 0 holes
INFO:__main__:   New faces added: -534, repair vertices: 0
INFO:__main__:   Saved repaired mesh to: repaired/repaired_JML_Toung.stl
INFO:__main__:✅ Complete: 27.2255 cm³, 0 holes filled
INFO:     127.0.0.1:57652 - "POST /repair-and-calculate HTTP/1.1" 200 OK
INFO:__main__:🔧 Repair + Volume calculation for: loose_fit_Teeth.stl
INFO:__main__:   File extension: .stl
INFO:__main__:   Loading original mesh...
INFO:__main__:   Original: 18521 verts, 37038 faces
INFO:__main__:   Original volume: 1.6562 cm³
INFO:__main__:   Original watertight: True, holes: 0
INFO:__main__:   Hole boundary vertices: 0
INFO:__main__:   Repairing mesh (aggressive=True)...
INFO:__main__:Repairing mesh with 18521 vertices using pymeshfix...
INFO:__main__:Original mesh has vertex colors: (18521, 4)
INFO:__main__:Preserving vertex colors (same vertex count)
INFO:__main__:✓ Vertex colors preserved in repaired mesh
INFO:__main__:Repair complete: 18521 vertices
INFO:__main__:   Quality score: 84.4/100 (watertight:40, aspect:14.4, holes:30)
INFO:__main__:   Repaired: 18521 verts, 37038 faces
INFO:__main__:   Repaired volume: 1.6562 cm³
INFO:__main__:   Repaired watertight: True, holes: 0
INFO:__main__:   ✅ Filled 0 holes
INFO:__main__:   New faces added: 0, repair vertices: 0
INFO:__main__:   Saved repaired mesh to: repaired/repaired_loose_fit_Teeth.stl
INFO:__main__:✅ Complete: 1.6562 cm³, 0 holes filled
INFO:     127.0.0.1:57652 - "POST /repair-and-calculate HTTP/1.1" 200 OK
INFO:__main__:🔧 Repair + Volume calculation for: Teeth.stl
INFO:__main__:   File extension: .stl
INFO:__main__:   Loading original mesh...
INFO:__main__:   Original: 15059 verts, 30114 faces
INFO:__main__:   Original volume: 1.7238 cm³
INFO:__main__:   Original watertight: True, holes: 0
INFO:__main__:   Hole boundary vertices: 0
INFO:__main__:   Repairing mesh (aggressive=True)...
INFO:__main__:Repairing mesh with 15059 vertices using pymeshfix...
INFO:__main__:Original mesh has vertex colors: (15059, 4)
INFO:__main__:Preserving vertex colors (same vertex count)
INFO:__main__:✓ Vertex colors preserved in repaired mesh
INFO:__main__:Repair complete: 15059 vertices
INFO:__main__:   Quality score: 84.1/100 (watertight:40, aspect:14.1, holes:30)
INFO:__main__:   Repaired: 15059 verts, 30114 faces
INFO:__main__:   Repaired volume: 1.7238 cm³
INFO:__main__:   Repaired watertight: True, holes: 0
INFO:__main__:   ✅ Filled 0 holes
INFO:__main__:   New faces added: 0, repair vertices: 0
INFO:__main__:   Saved repaired mesh to: repaired/repaired_Teeth.stl
INFO:__main__:✅ Complete: 1.7238 cm³, 0 holes filled
INFO:     127.0.0.1:57652 - "POST /repair-and-calculate HTTP/1.1" 200 OK
INFO:__main__:📐 Volume calculation request for: Pin_Need_2.stl
INFO:__main__:   Detected file extension: .stl
INFO:__main__:   Loading mesh from: /tmp/tmpf95gqwvd.stl
INFO:__main__:   Loaded as single Mesh
INFO:__main__:✅ Volume calculated: 0.9916 cm³ (991.58 mm³)
INFO:__main__:   Mesh: 805 vertices, 1606 faces
INFO:__main__:   Watertight: True, Volume valid: True
INFO:__main__:   File format: .STL
INFO:     127.0.0.1:57652 - "POST /calculate-volume HTTP/1.1" 200 OK
INFO:__main__:📐 Volume calculation request for: JML_Toung.stl
INFO:__main__:   Detected file extension: .stl
INFO:__main__:   Loading mesh from: /tmp/tmpnlmgbqx5.stl
INFO:__main__:   Loaded as single Mesh
INFO:__main__:✅ Volume calculated: 27.4083 cm³ (27408.34 mm³)
INFO:__main__:   Mesh: 34454 vertices, 68904 faces
INFO:__main__:   Watertight: True, Volume valid: True
INFO:__main__:   File format: .STL
INFO:     127.0.0.1:57652 - "POST /calculate-volume HTTP/1.1" 200 OK
INFO:__main__:📐 Volume calculation request for: loose_fit_Teeth.stl
INFO:__main__:   Detected file extension: .stl
INFO:__main__:   Loading mesh from: /tmp/tmp8rg6l4cn.stl
INFO:__main__:   Loaded as single Mesh
INFO:__main__:✅ Volume calculated: 1.6562 cm³ (1656.23 mm³)
INFO:__main__:   Mesh: 18521 vertices, 37038 faces
INFO:__main__:   Watertight: True, Volume valid: True
INFO:__main__:   File format: .STL
INFO:     127.0.0.1:57652 - "POST /calculate-volume HTTP/1.1" 200 OK
INFO:__main__:📐 Volume calculation request for: Teeth.stl
INFO:__main__:   Detected file extension: .stl
INFO:__main__:   Loading mesh from: /tmp/tmpuzsah9bf.stl
INFO:__main__:   Loaded as single Mesh
INFO:__main__:✅ Volume calculated: 1.7238 cm³ (1723.79 mm³)
INFO:__main__:   Mesh: 15059 vertices, 30114 faces
INFO:__main__:   Watertight: True, Volume valid: True
INFO:__main__:   File format: .STL
INFO:     127.0.0.1:57652 - "POST /calculate-volume HTTP/1.1" 200 OK
INFO:     127.0.0.1:38092 - "GET /health HTTP/1.1" 200 OK
INFO:__main__:🔧 Repair + Volume calculation for: Pin_Need_2.stl
INFO:__main__:   File extension: .stl
INFO:__main__:   Loading original mesh...
INFO:__main__:   Original: 805 verts, 1606 faces
INFO:__main__:   Original volume: 0.9916 cm³
INFO:__main__:   Original watertight: True, holes: 0
INFO:__main__:   Hole boundary vertices: 0
INFO:__main__:   Repairing mesh (aggressive=True)...
INFO:__main__:Repairing mesh with 805 vertices using pymeshfix...
INFO:__main__:Original mesh has vertex colors: (805, 4)
INFO:__main__:Preserving vertex colors (same vertex count)
INFO:__main__:✓ Vertex colors preserved in repaired mesh
INFO:__main__:Repair complete: 805 vertices
INFO:__main__:   Quality score: 75.5/100 (watertight:40, aspect:5.5, holes:30)
INFO:__main__:   Repaired: 805 verts, 1606 faces
INFO:__main__:   Repaired volume: 0.9916 cm³
INFO:__main__:   Repaired watertight: True, holes: 0
INFO:__main__:   ✅ Filled 0 holes
INFO:__main__:   New faces added: 0, repair vertices: 0
INFO:__main__:   Saved repaired mesh to: repaired/repaired_Pin_Need_2.stl
INFO:__main__:✅ Complete: 0.9916 cm³, 0 holes filled
INFO:     127.0.0.1:38100 - "POST /repair-and-calculate HTTP/1.1" 200 OK
INFO:__main__:🔧 Repair + Volume calculation for: JML_Toung.stl
INFO:__main__:   File extension: .stl
INFO:__main__:   Loading original mesh...
INFO:__main__:   Original: 34454 verts, 68904 faces
INFO:__main__:   Original volume: 27.4083 cm³
INFO:__main__:   Original watertight: True, holes: 0
INFO:__main__:   Hole boundary vertices: 0
INFO:__main__:   Repairing mesh (aggressive=True)...
INFO:__main__:Repairing mesh with 34454 vertices using pymeshfix...
INFO:__main__:Original mesh has vertex colors: (34454, 4)
INFO:__main__:Interpolated colors for 34187 vertices
INFO:__main__:✓ Vertex colors preserved in repaired mesh
INFO:__main__:Repair complete: 34187 vertices
INFO:__main__:   Quality score: 84.0/100 (watertight:40, aspect:14.0, holes:30)
INFO:__main__:   Repaired: 34187 verts, 68370 faces
INFO:__main__:   Repaired volume: 27.2255 cm³
INFO:__main__:   Repaired watertight: True, holes: 0
INFO:__main__:   ✅ Filled 0 holes
INFO:__main__:   New faces added: -534, repair vertices: 0
INFO:__main__:   Saved repaired mesh to: repaired/repaired_JML_Toung.stl
INFO:__main__:✅ Complete: 27.2255 cm³, 0 holes filled
INFO:     127.0.0.1:38100 - "POST /repair-and-calculate HTTP/1.1" 200 OK
INFO:__main__:🔧 Repair + Volume calculation for: loose_fit_Teeth.stl
INFO:__main__:   File extension: .stl
INFO:__main__:   Loading original mesh...
INFO:__main__:   Original: 18521 verts, 37038 faces
INFO:__main__:   Original volume: 1.6562 cm³
INFO:__main__:   Original watertight: True, holes: 0
INFO:__main__:   Hole boundary vertices: 0
INFO:__main__:   Repairing mesh (aggressive=True)...
INFO:__main__:Repairing mesh with 18521 vertices using pymeshfix...
INFO:__main__:Original mesh has vertex colors: (18521, 4)
INFO:__main__:Preserving vertex colors (same vertex count)
INFO:__main__:✓ Vertex colors preserved in repaired mesh
INFO:__main__:Repair complete: 18521 vertices
INFO:__main__:   Quality score: 84.4/100 (watertight:40, aspect:14.4, holes:30)
INFO:__main__:   Repaired: 18521 verts, 37038 faces
INFO:__main__:   Repaired volume: 1.6562 cm³
INFO:__main__:   Repaired watertight: True, holes: 0
INFO:__main__:   ✅ Filled 0 holes
INFO:__main__:   New faces added: 0, repair vertices: 0
INFO:__main__:   Saved repaired mesh to: repaired/repaired_loose_fit_Teeth.stl
INFO:__main__:✅ Complete: 1.6562 cm³, 0 holes filled
INFO:     127.0.0.1:38100 - "POST /repair-and-calculate HTTP/1.1" 200 OK
INFO:__main__:📐 Volume calculation request for: Pin_Need_2.stl
INFO:__main__:   Detected file extension: .stl
INFO:__main__:   Loading mesh from: /tmp/tmppu6q249f.stl
INFO:__main__:   Loaded as single Mesh
INFO:__main__:✅ Volume calculated: 0.9916 cm³ (991.58 mm³)
INFO:__main__:   Mesh: 805 vertices, 1606 faces
INFO:__main__:   Watertight: True, Volume valid: True
INFO:__main__:   File format: .STL
INFO:     127.0.0.1:38100 - "POST /calculate-volume HTTP/1.1" 200 OK
INFO:__main__:📐 Volume calculation request for: JML_Toung.stl
INFO:__main__:   Detected file extension: .stl
INFO:__main__:   Loading mesh from: /tmp/tmpt75xw7q1.stl
INFO:__main__:   Loaded as single Mesh
INFO:__main__:✅ Volume calculated: 27.4083 cm³ (27408.34 mm³)
INFO:__main__:   Mesh: 34454 vertices, 68904 faces
INFO:__main__:   Watertight: True, Volume valid: True
INFO:__main__:   File format: .STL
INFO:     127.0.0.1:38100 - "POST /calculate-volume HTTP/1.1" 200 OK
INFO:__main__:📐 Volume calculation request for: loose_fit_Teeth.stl
INFO:__main__:   Detected file extension: .stl
INFO:__main__:   Loading mesh from: /tmp/tmpm6qg30q5.stl
INFO:__main__:   Loaded as single Mesh
INFO:__main__:✅ Volume calculated: 1.6562 cm³ (1656.23 mm³)
INFO:__main__:   Mesh: 18521 vertices, 37038 faces
INFO:__main__:   Watertight: True, Volume valid: True
INFO:__main__:   File format: .STL
INFO:     127.0.0.1:38100 - "POST /calculate-volume HTTP/1.1" 200 OK
